<?xml version="1.0" encoding="UTF-8"?>
<!-- Generated by org.testng.reporters.JUnitXMLReporter -->
<testsuite ignored="0" hostname="LTIN269727" failures="0" tests="10" name="Default test" time="127.261" errors="0" timestamp="2024-03-05T09:42:44 IST">
  <testcase classname="testng_hackathon.LoanCalculator" name="testLogo" time="0.223"/>
  <testcase classname="testng_hackathon.LoanCalculator" name="Car_Loan" time="9.323"/>
  <testcase classname="testng_hackathon.LoanCalculator" name="EMI_Calculation" time="0.076"/>
  <testcase classname="testng_hackathon.LoanCalculator" name="Home_Loan" time="1.723"/>
  <testcase classname="testng_hackathon.LoanCalculator" name="HomeLoan_Data" time="6.457"/>
  <testcase classname="testng_hackathon.LoanCalculator" name="HomeLoan_Write" time="17.393"/>
  <testcase classname="testng_hackathon.LoanCalculator" name="Test1" time="21.341"/>
  <testcase classname="testng_hackathon.LoanCalculator" name="Test12" time="4.77"/>
  <testcase classname="testng_hackathon.LoanCalculator" name="Test2" time="22.696"/>
  <testcase classname="testng_hackathon.LoanCalculator" name="Test3" time="25.371"/>
</testsuite> <!-- Default test -->
