<?xml version="1.0" encoding="UTF-8"?>
<!-- Generated by org.testng.reporters.JUnitXMLReporter -->
<testsuite ignored="0" hostname="LTIN269727" failures="0" tests="10" name="Default test" time="128.22" errors="0" timestamp="2024-02-29T09:26:52 IST">
  <testcase classname="testng_hackathon.LoanCalculator" name="testLogo" time="0.265"/>
  <testcase classname="testng_hackathon.LoanCalculator" name="Car_Loan" time="8.996"/>
  <testcase classname="testng_hackathon.LoanCalculator" name="EMI_Calculation" time="0.059"/>
  <testcase classname="testng_hackathon.LoanCalculator" name="Home_Loan" time="2.84"/>
  <testcase classname="testng_hackathon.LoanCalculator" name="HomeLoan_Data" time="5.995"/>
  <testcase classname="testng_hackathon.LoanCalculator" name="HomeLoan_Write" time="15.563"/>
  <testcase classname="testng_hackathon.LoanCalculator" name="Test1" time="21.295"/>
  <testcase classname="testng_hackathon.LoanCalculator" name="Test12" time="5.129"/>
  <testcase classname="testng_hackathon.LoanCalculator" name="Test2" time="22.864"/>
  <testcase classname="testng_hackathon.LoanCalculator" name="Test3" time="25.654"/>
</testsuite> <!-- Default test -->
