<?xml version="1.0" encoding="UTF-8"?>
<!-- Generated by org.testng.reporters.JUnitXMLReporter -->
<testsuite ignored="0" hostname="LTIN269727" failures="0" tests="10" name="chromeTest" time="146.188" errors="0" timestamp="2024-03-06T10:40:52 IST">
  <testcase classname="testng_hackathon.LoanCalculator" name="testLogo" time="16.011"/>
  <testcase classname="testng_hackathon.LoanCalculator" name="Car_Loan" time="9.411"/>
  <testcase classname="testng_hackathon.LoanCalculator" name="EMI_Calculation" time="0.082"/>
  <testcase classname="testng_hackathon.LoanCalculator" name="Home_Loan" time="2.508"/>
  <testcase classname="testng_hackathon.LoanCalculator" name="HomeLoan_Data" time="6.071"/>
  <testcase classname="testng_hackathon.LoanCalculator" name="HomeLoan_Write" time="16.955"/>
  <testcase classname="testng_hackathon.LoanCalculator" name="Test1" time="21.622"/>
  <testcase classname="testng_hackathon.LoanCalculator" name="Test12" time="5.623"/>
  <testcase classname="testng_hackathon.LoanCalculator" name="Test2" time="23.384"/>
  <testcase classname="testng_hackathon.LoanCalculator" name="Test3" time="26.057"/>
</testsuite> <!-- chromeTest -->
