<?xml version="1.0" encoding="UTF-8"?>
<!-- Generated by org.testng.reporters.JUnitXMLReporter -->
<testsuite ignored="0" hostname="LTIN269727" failures="0" tests="10" name="edgeTest" time="136.086" errors="0" timestamp="2024-03-06T10:43:14 IST">
  <testcase classname="testng_hackathon.LoanCalculator" name="testLogo" time="0.135"/>
  <testcase classname="testng_hackathon.LoanCalculator" name="Car_Loan" time="9.07"/>
  <testcase classname="testng_hackathon.LoanCalculator" name="EMI_Calculation" time="0.084"/>
  <testcase classname="testng_hackathon.LoanCalculator" name="Home_Loan" time="1.615"/>
  <testcase classname="testng_hackathon.LoanCalculator" name="HomeLoan_Data" time="6.113"/>
  <testcase classname="testng_hackathon.LoanCalculator" name="HomeLoan_Write" time="16.82"/>
  <testcase classname="testng_hackathon.LoanCalculator" name="Test1" time="23.124"/>
  <testcase classname="testng_hackathon.LoanCalculator" name="Test12" time="5.335"/>
  <testcase classname="testng_hackathon.LoanCalculator" name="Test2" time="24.6"/>
  <testcase classname="testng_hackathon.LoanCalculator" name="Test3" time="27.0"/>
</testsuite> <!-- edgeTest -->
