<?xml version="1.0" encoding="UTF-8"?>
<!-- Generated by org.testng.reporters.JUnitXMLReporter -->
<testsuite ignored="0" hostname="LTIN269727" failures="0" tests="15" name="Test" time="134.426" errors="0" timestamp="2024-03-05T14:48:51 IST">
  <testcase classname="testng_hackathon.LoanCalculator" name="testLogo" time="0.129"/>
  <testcase classname="testng_hackathon.LoanCalculator" name="Car_Loan" time="8.053"/>
  <testcase classname="testng_hackathon.LoanCalculator" name="EMI_Calculation" time="0.116"/>
  <testcase classname="testng_hackathon.LoanCalculator" name="Home_Loan" time="1.523"/>
  <testcase classname="testng_hackathon.LoanCalculator" name="HomeLoan_Data" time="5.386"/>
  <testcase classname="testng_hackathon.LoanCalculator" name="HomeLoan_Write" time="13.715"/>
  <testcase classname="testng_hackathon.LoanCalculator" name="Test1" time="21.121"/>
  <testcase classname="testng_hackathon.LoanCalculator" name="Test12" time="4.38"/>
  <testcase classname="testng_hackathon.LoanCalculator" name="Test2" time="22.043"/>
  <testcase classname="testng_hackathon.LoanCalculator" name="Test3" time="24.837"/>
  <testcase classname="testng_hackathon.SmokeTest" name="car_Loan" time="0.123"/>
  <testcase classname="testng_hackathon.SmokeTest" name="home_Loan" time="1.535"/>
  <testcase classname="testng_hackathon.SmokeTest" name="Loan_cal1" time="1.024"/>
  <testcase classname="testng_hackathon.SmokeTest" name="Loan_cal2" time="0.11"/>
  <testcase classname="testng_hackathon.SmokeTest" name="Loan_cal3" time="0.212"/>
</testsuite> <!-- Test -->
