<?xml version="1.0" encoding="UTF-8"?>
<!-- Generated by org.testng.reporters.JUnitXMLReporter -->
<testsuite ignored="0" hostname="LTIN269727" failures="0" tests="10" name="chromeTest" time="113.976" errors="0" timestamp="2024-03-05T15:21:38 IST">
  <testcase classname="testng_hackathon.LoanCalculator" name="testLogo" time="0.131"/>
  <testcase classname="testng_hackathon.LoanCalculator" name="Car_Loan" time="7.688"/>
  <testcase classname="testng_hackathon.LoanCalculator" name="EMI_Calculation" time="0.05"/>
  <testcase classname="testng_hackathon.LoanCalculator" name="Home_Loan" time="1.469"/>
  <testcase classname="testng_hackathon.LoanCalculator" name="HomeLoan_Data" time="4.087"/>
  <testcase classname="testng_hackathon.LoanCalculator" name="HomeLoan_Write" time="13.504"/>
  <testcase classname="testng_hackathon.LoanCalculator" name="Test1" time="20.839"/>
  <testcase classname="testng_hackathon.LoanCalculator" name="Test12" time="4.596"/>
  <testcase classname="testng_hackathon.LoanCalculator" name="Test2" time="22.417"/>
  <testcase classname="testng_hackathon.LoanCalculator" name="Test3" time="24.841"/>
</testsuite> <!-- chromeTest -->
