<?xml version="1.0" encoding="UTF-8"?>
<!-- Generated by org.testng.reporters.JUnitXMLReporter -->
<testsuite ignored="0" hostname="LTIN269727" failures="0" tests="10" name="chromeTest" time="147.412" errors="0" timestamp="2024-03-06T10:30:16 IST">
  <testcase classname="testng_hackathon.LoanCalculator" name="testLogo" time="0.198"/>
  <testcase classname="testng_hackathon.LoanCalculator" name="Car_Loan" time="10.519"/>
  <testcase classname="testng_hackathon.LoanCalculator" name="EMI_Calculation" time="0.085"/>
  <testcase classname="testng_hackathon.LoanCalculator" name="Home_Loan" time="3.202"/>
  <testcase classname="testng_hackathon.LoanCalculator" name="HomeLoan_Data" time="7.646"/>
  <testcase classname="testng_hackathon.LoanCalculator" name="HomeLoan_Write" time="18.112"/>
  <testcase classname="testng_hackathon.LoanCalculator" name="Test1" time="24.587"/>
  <testcase classname="testng_hackathon.LoanCalculator" name="Test12" time="5.55"/>
  <testcase classname="testng_hackathon.LoanCalculator" name="Test2" time="23.487"/>
  <testcase classname="testng_hackathon.LoanCalculator" name="Test3" time="27.686"/>
</testsuite> <!-- chromeTest -->
