<?xml version="1.0" encoding="UTF-8"?>
<!-- Generated by org.testng.reporters.JUnitXMLReporter -->
<testsuite ignored="0" hostname="LTIN269727" failures="0" tests="10" name="edgeTest" time="135.427" errors="0" timestamp="2024-03-06T10:32:37 IST">
  <testcase classname="testng_hackathon.LoanCalculator" name="testLogo" time="0.091"/>
  <testcase classname="testng_hackathon.LoanCalculator" name="Car_Loan" time="7.339"/>
  <testcase classname="testng_hackathon.LoanCalculator" name="EMI_Calculation" time="0.349"/>
  <testcase classname="testng_hackathon.LoanCalculator" name="Home_Loan" time="2.585"/>
  <testcase classname="testng_hackathon.LoanCalculator" name="HomeLoan_Data" time="6.027"/>
  <testcase classname="testng_hackathon.LoanCalculator" name="HomeLoan_Write" time="16.486"/>
  <testcase classname="testng_hackathon.LoanCalculator" name="Test1" time="22.968"/>
  <testcase classname="testng_hackathon.LoanCalculator" name="Test12" time="5.233"/>
  <testcase classname="testng_hackathon.LoanCalculator" name="Test2" time="23.858"/>
  <testcase classname="testng_hackathon.LoanCalculator" name="Test3" time="27.255"/>
</testsuite> <!-- edgeTest -->
