<?xml version="1.0" encoding="UTF-8"?>
<!-- Generated by org.testng.reporters.JUnitXMLReporter -->
<testsuite ignored="0" hostname="LTIN269727" failures="0" tests="10" name="edgeTest" time="112.362" errors="0" timestamp="2024-03-05T15:23:31 IST">
  <testcase classname="testng_hackathon.LoanCalculator" name="testLogo" time="3.856"/>
  <testcase classname="testng_hackathon.LoanCalculator" name="Car_Loan" time="6.466"/>
  <testcase classname="testng_hackathon.LoanCalculator" name="EMI_Calculation" time="0.048"/>
  <testcase classname="testng_hackathon.LoanCalculator" name="Home_Loan" time="1.466"/>
  <testcase classname="testng_hackathon.LoanCalculator" name="HomeLoan_Data" time="3.841"/>
  <testcase classname="testng_hackathon.LoanCalculator" name="HomeLoan_Write" time="12.556"/>
  <testcase classname="testng_hackathon.LoanCalculator" name="Test1" time="20.722"/>
  <testcase classname="testng_hackathon.LoanCalculator" name="Test12" time="4.294"/>
  <testcase classname="testng_hackathon.LoanCalculator" name="Test2" time="21.8"/>
  <testcase classname="testng_hackathon.LoanCalculator" name="Test3" time="25.015"/>
</testsuite> <!-- edgeTest -->
