<?xml version="1.0" encoding="UTF-8"?>
<!-- Generated by org.testng.reporters.JUnitXMLReporter -->
<testsuite ignored="0" hostname="LTIN269727" failures="0" tests="10" name="Test" time="113.471" errors="0" timestamp="2024-03-05T15:11:44 IST">
  <testcase classname="testng_hackathon.LoanCalculator" name="testLogo" time="0.175"/>
  <testcase classname="testng_hackathon.LoanCalculator" name="Car_Loan" time="7.642"/>
  <testcase classname="testng_hackathon.LoanCalculator" name="EMI_Calculation" time="0.049"/>
  <testcase classname="testng_hackathon.LoanCalculator" name="Home_Loan" time="1.401"/>
  <testcase classname="testng_hackathon.LoanCalculator" name="HomeLoan_Data" time="4.115"/>
  <testcase classname="testng_hackathon.LoanCalculator" name="HomeLoan_Write" time="13.809"/>
  <testcase classname="testng_hackathon.LoanCalculator" name="Test1" time="20.496"/>
  <testcase classname="testng_hackathon.LoanCalculator" name="Test12" time="4.479"/>
  <testcase classname="testng_hackathon.LoanCalculator" name="Test2" time="22.485"/>
  <testcase classname="testng_hackathon.LoanCalculator" name="Test3" time="25.056"/>
</testsuite> <!-- Test -->
