<?xml version="1.0" encoding="UTF-8"?>
<testng-results ignored="0" total="20" passed="20" failed="0" skipped="0">
  <reporter-output>
  </reporter-output>
  <suite started-at="2024-03-06T10:27:41 IST" name="Suite" finished-at="2024-03-06T10:32:37 IST" duration-ms="295755">
    <groups>
    </groups>
    <test started-at="2024-03-06T10:27:41 IST" name="test" finished-at="2024-03-06T10:27:42 IST" duration-ms="743">
    </test> <!-- test -->
    <test started-at="2024-03-06T10:27:49 IST" name="chromeTest" finished-at="2024-03-06T10:30:16 IST" duration-ms="147412">
      <class name="testng_hackathon.LoanCalculator">
        <test-method is-config="true" signature="setup(java.lang.String)[pri:0, instance:testng_hackathon.LoanCalculator@7fc229ab]" started-at="2024-03-06T10:27:49 IST" name="setup" finished-at="2024-03-06T10:28:10 IST" duration-ms="20718" status="PASS">
          <params>
            <param index="0">
              <value>
                <![CDATA[chrome]]>
              </value>
            </param>
          </params>
          <reporter-output>
          </reporter-output>
        </test-method> <!-- setup -->
        <test-method signature="testLogo()[pri:1, instance:testng_hackathon.LoanCalculator@7fc229ab]" started-at="2024-03-06T10:28:10 IST" name="testLogo" finished-at="2024-03-06T10:28:10 IST" duration-ms="198" status="PASS">
          <reporter-output>
          </reporter-output>
        </test-method> <!-- testLogo -->
        <test-method signature="Car_Loan()[pri:2, instance:testng_hackathon.LoanCalculator@7fc229ab]" started-at="2024-03-06T10:28:10 IST" name="Car_Loan" finished-at="2024-03-06T10:28:21 IST" duration-ms="10519" status="PASS">
          <reporter-output>
          </reporter-output>
        </test-method> <!-- Car_Loan -->
        <test-method signature="EMI_Calculation()[pri:3, instance:testng_hackathon.LoanCalculator@7fc229ab]" started-at="2024-03-06T10:28:21 IST" name="EMI_Calculation" finished-at="2024-03-06T10:28:22 IST" duration-ms="85" status="PASS">
          <reporter-output>
          </reporter-output>
        </test-method> <!-- EMI_Calculation -->
        <test-method signature="Home_Loan()[pri:4, instance:testng_hackathon.LoanCalculator@7fc229ab]" started-at="2024-03-06T10:28:22 IST" name="Home_Loan" finished-at="2024-03-06T10:28:25 IST" duration-ms="3202" status="PASS">
          <reporter-output>
          </reporter-output>
        </test-method> <!-- Home_Loan -->
        <test-method signature="HomeLoan_Data()[pri:5, instance:testng_hackathon.LoanCalculator@7fc229ab]" started-at="2024-03-06T10:28:26 IST" name="HomeLoan_Data" finished-at="2024-03-06T10:28:33 IST" duration-ms="7646" status="PASS">
          <reporter-output>
          </reporter-output>
        </test-method> <!-- HomeLoan_Data -->
        <test-method signature="HomeLoan_Write()[pri:6, instance:testng_hackathon.LoanCalculator@7fc229ab]" started-at="2024-03-06T10:28:34 IST" name="HomeLoan_Write" finished-at="2024-03-06T10:28:52 IST" duration-ms="18112" status="PASS">
          <reporter-output>
          </reporter-output>
        </test-method> <!-- HomeLoan_Write -->
        <test-method signature="Test1()[pri:7, instance:testng_hackathon.LoanCalculator@7fc229ab]" started-at="2024-03-06T10:28:52 IST" name="Test1" finished-at="2024-03-06T10:29:17 IST" duration-ms="24587" status="PASS">
          <reporter-output>
          </reporter-output>
        </test-method> <!-- Test1 -->
        <test-method signature="Test12()[pri:8, instance:testng_hackathon.LoanCalculator@7fc229ab]" started-at="2024-03-06T10:29:17 IST" name="Test12" finished-at="2024-03-06T10:29:22 IST" duration-ms="5550" status="PASS">
          <reporter-output>
          </reporter-output>
        </test-method> <!-- Test12 -->
        <test-method signature="Test2()[pri:8, instance:testng_hackathon.LoanCalculator@7fc229ab]" started-at="2024-03-06T10:29:23 IST" name="Test2" finished-at="2024-03-06T10:29:46 IST" duration-ms="23487" status="PASS">
          <reporter-output>
          </reporter-output>
        </test-method> <!-- Test2 -->
        <test-method signature="Test3()[pri:9, instance:testng_hackathon.LoanCalculator@7fc229ab]" started-at="2024-03-06T10:29:47 IST" name="Test3" finished-at="2024-03-06T10:30:14 IST" duration-ms="27686" status="PASS">
          <reporter-output>
          </reporter-output>
        </test-method> <!-- Test3 -->
        <test-method is-config="true" signature="close()[pri:0, instance:testng_hackathon.LoanCalculator@7fc229ab]" started-at="2024-03-06T10:30:15 IST" name="close" finished-at="2024-03-06T10:30:16 IST" duration-ms="1555" status="PASS">
          <reporter-output>
          </reporter-output>
        </test-method> <!-- close -->
      </class> <!-- testng_hackathon.LoanCalculator -->
    </test> <!-- chromeTest -->
    <test started-at="2024-03-06T10:30:22 IST" name="edgeTest" finished-at="2024-03-06T10:32:37 IST" duration-ms="135427">
      <class name="testng_hackathon.LoanCalculator">
        <test-method is-config="true" signature="setup(java.lang.String)[pri:0, instance:testng_hackathon.LoanCalculator@60704c]" started-at="2024-03-06T10:30:22 IST" name="setup" finished-at="2024-03-06T10:30:39 IST" duration-ms="17757" status="PASS">
          <params>
            <param index="0">
              <value>
                <![CDATA[edge]]>
              </value>
            </param>
          </params>
          <reporter-output>
          </reporter-output>
        </test-method> <!-- setup -->
        <test-method signature="testLogo()[pri:1, instance:testng_hackathon.LoanCalculator@60704c]" started-at="2024-03-06T10:30:39 IST" name="testLogo" finished-at="2024-03-06T10:30:40 IST" duration-ms="91" status="PASS">
          <reporter-output>
          </reporter-output>
        </test-method> <!-- testLogo -->
        <test-method signature="Car_Loan()[pri:2, instance:testng_hackathon.LoanCalculator@60704c]" started-at="2024-03-06T10:30:40 IST" name="Car_Loan" finished-at="2024-03-06T10:30:47 IST" duration-ms="7339" status="PASS">
          <reporter-output>
          </reporter-output>
        </test-method> <!-- Car_Loan -->
        <test-method signature="EMI_Calculation()[pri:3, instance:testng_hackathon.LoanCalculator@60704c]" started-at="2024-03-06T10:30:48 IST" name="EMI_Calculation" finished-at="2024-03-06T10:30:48 IST" duration-ms="349" status="PASS">
          <reporter-output>
          </reporter-output>
        </test-method> <!-- EMI_Calculation -->
        <test-method signature="Home_Loan()[pri:4, instance:testng_hackathon.LoanCalculator@60704c]" started-at="2024-03-06T10:30:49 IST" name="Home_Loan" finished-at="2024-03-06T10:30:51 IST" duration-ms="2585" status="PASS">
          <reporter-output>
          </reporter-output>
        </test-method> <!-- Home_Loan -->
        <test-method signature="HomeLoan_Data()[pri:5, instance:testng_hackathon.LoanCalculator@60704c]" started-at="2024-03-06T10:30:52 IST" name="HomeLoan_Data" finished-at="2024-03-06T10:30:58 IST" duration-ms="6027" status="PASS">
          <reporter-output>
          </reporter-output>
        </test-method> <!-- HomeLoan_Data -->
        <test-method signature="HomeLoan_Write()[pri:6, instance:testng_hackathon.LoanCalculator@60704c]" started-at="2024-03-06T10:30:58 IST" name="HomeLoan_Write" finished-at="2024-03-06T10:31:15 IST" duration-ms="16486" status="PASS">
          <reporter-output>
          </reporter-output>
        </test-method> <!-- HomeLoan_Write -->
        <test-method signature="Test1()[pri:7, instance:testng_hackathon.LoanCalculator@60704c]" started-at="2024-03-06T10:31:15 IST" name="Test1" finished-at="2024-03-06T10:31:38 IST" duration-ms="22968" status="PASS">
          <reporter-output>
          </reporter-output>
        </test-method> <!-- Test1 -->
        <test-method signature="Test12()[pri:8, instance:testng_hackathon.LoanCalculator@60704c]" started-at="2024-03-06T10:31:38 IST" name="Test12" finished-at="2024-03-06T10:31:43 IST" duration-ms="5233" status="PASS">
          <reporter-output>
          </reporter-output>
        </test-method> <!-- Test12 -->
        <test-method signature="Test2()[pri:8, instance:testng_hackathon.LoanCalculator@60704c]" started-at="2024-03-06T10:31:44 IST" name="Test2" finished-at="2024-03-06T10:32:08 IST" duration-ms="23858" status="PASS">
          <reporter-output>
          </reporter-output>
        </test-method> <!-- Test2 -->
        <test-method signature="Test3()[pri:9, instance:testng_hackathon.LoanCalculator@60704c]" started-at="2024-03-06T10:32:08 IST" name="Test3" finished-at="2024-03-06T10:32:35 IST" duration-ms="27255" status="PASS">
          <reporter-output>
          </reporter-output>
        </test-method> <!-- Test3 -->
        <test-method is-config="true" signature="close()[pri:0, instance:testng_hackathon.LoanCalculator@60704c]" started-at="2024-03-06T10:32:36 IST" name="close" finished-at="2024-03-06T10:32:37 IST" duration-ms="1591" status="PASS">
          <reporter-output>
          </reporter-output>
        </test-method> <!-- close -->
      </class> <!-- testng_hackathon.LoanCalculator -->
    </test> <!-- edgeTest -->
  </suite> <!-- Suite -->
</testng-results>
