<?xml version="1.0" encoding="UTF-8"?>
<testng-results ignored="0" total="15" passed="15" failed="0" skipped="0">
  <reporter-output>
  </reporter-output>
  <suite started-at="2024-03-05T09:35:59 IST" name="Suite" finished-at="2024-03-05T09:38:20 IST" duration-ms="141797">
    <groups>
      <group name="SmokeTest">
        <method signature="LoanCalculator.Car_Loan()[pri:2, instance:testng_hackathon.LoanCalculator@13acb0d1]" name="Car_Loan" class="testng_hackathon.LoanCalculator"/>
        <method signature="LoanCalculator.Home_Loan()[pri:4, instance:testng_hackathon.LoanCalculator@13acb0d1]" name="Home_Loan" class="testng_hackathon.LoanCalculator"/>
        <method signature="LoanCalculator.Test1()[pri:7, instance:testng_hackathon.LoanCalculator@13acb0d1]" name="Test1" class="testng_hackathon.LoanCalculator"/>
        <method signature="LoanCalculator.Test2()[pri:8, instance:testng_hackathon.LoanCalculator@13acb0d1]" name="Test2" class="testng_hackathon.LoanCalculator"/>
        <method signature="LoanCalculator.Test3()[pri:9, instance:testng_hackathon.LoanCalculator@13acb0d1]" name="Test3" class="testng_hackathon.LoanCalculator"/>
      </group> <!-- SmokeTest -->
      <group name="RegressionTest">
        <method signature="LoanCalculator.testLogo()[pri:1, instance:testng_hackathon.LoanCalculator@13acb0d1]" name="testLogo" class="testng_hackathon.LoanCalculator"/>
        <method signature="LoanCalculator.Car_Loan()[pri:2, instance:testng_hackathon.LoanCalculator@13acb0d1]" name="Car_Loan" class="testng_hackathon.LoanCalculator"/>
        <method signature="LoanCalculator.EMI_Calculation()[pri:3, instance:testng_hackathon.LoanCalculator@13acb0d1]" name="EMI_Calculation" class="testng_hackathon.LoanCalculator"/>
        <method signature="LoanCalculator.Home_Loan()[pri:4, instance:testng_hackathon.LoanCalculator@13acb0d1]" name="Home_Loan" class="testng_hackathon.LoanCalculator"/>
        <method signature="LoanCalculator.HomeLoan_Data()[pri:5, instance:testng_hackathon.LoanCalculator@13acb0d1]" name="HomeLoan_Data" class="testng_hackathon.LoanCalculator"/>
        <method signature="LoanCalculator.HomeLoan_Write()[pri:6, instance:testng_hackathon.LoanCalculator@13acb0d1]" name="HomeLoan_Write" class="testng_hackathon.LoanCalculator"/>
        <method signature="LoanCalculator.Test1()[pri:7, instance:testng_hackathon.LoanCalculator@13acb0d1]" name="Test1" class="testng_hackathon.LoanCalculator"/>
        <method signature="LoanCalculator.Test12()[pri:8, instance:testng_hackathon.LoanCalculator@13acb0d1]" name="Test12" class="testng_hackathon.LoanCalculator"/>
        <method signature="LoanCalculator.Test2()[pri:8, instance:testng_hackathon.LoanCalculator@13acb0d1]" name="Test2" class="testng_hackathon.LoanCalculator"/>
        <method signature="LoanCalculator.Test3()[pri:9, instance:testng_hackathon.LoanCalculator@13acb0d1]" name="Test3" class="testng_hackathon.LoanCalculator"/>
      </group> <!-- RegressionTest -->
    </groups>
    <test started-at="2024-03-05T09:35:59 IST" name="Test" finished-at="2024-03-05T09:38:20 IST" duration-ms="141797">
      <class name="testng_hackathon.SmokeTest">
        <test-method is-config="true" signature="setup()[pri:0, instance:testng_hackathon.SmokeTest@327b636c]" started-at="2024-03-05T09:38:01 IST" name="setup" finished-at="2024-03-05T09:38:16 IST" duration-ms="14449" status="PASS">
          <reporter-output>
          </reporter-output>
        </test-method> <!-- setup -->
        <test-method signature="car_Loan()[pri:1, instance:testng_hackathon.SmokeTest@327b636c]" started-at="2024-03-05T09:38:16 IST" name="car_Loan" finished-at="2024-03-05T09:38:16 IST" duration-ms="157" status="PASS">
          <reporter-output>
          </reporter-output>
        </test-method> <!-- car_Loan -->
        <test-method signature="home_Loan()[pri:2, instance:testng_hackathon.SmokeTest@327b636c]" started-at="2024-03-05T09:38:16 IST" name="home_Loan" finished-at="2024-03-05T09:38:18 IST" duration-ms="1543" status="PASS">
          <reporter-output>
          </reporter-output>
        </test-method> <!-- home_Loan -->
        <test-method signature="Loan_cal1()[pri:3, instance:testng_hackathon.SmokeTest@327b636c]" started-at="2024-03-05T09:38:18 IST" name="Loan_cal1" finished-at="2024-03-05T09:38:19 IST" duration-ms="1177" status="PASS">
          <reporter-output>
          </reporter-output>
        </test-method> <!-- Loan_cal1 -->
        <test-method signature="Loan_cal2()[pri:4, instance:testng_hackathon.SmokeTest@327b636c]" started-at="2024-03-05T09:38:19 IST" name="Loan_cal2" finished-at="2024-03-05T09:38:19 IST" duration-ms="119" status="PASS">
          <reporter-output>
          </reporter-output>
        </test-method> <!-- Loan_cal2 -->
        <test-method signature="Loan_cal3()[pri:5, instance:testng_hackathon.SmokeTest@327b636c]" started-at="2024-03-05T09:38:19 IST" name="Loan_cal3" finished-at="2024-03-05T09:38:19 IST" duration-ms="208" status="PASS">
          <reporter-output>
          </reporter-output>
        </test-method> <!-- Loan_cal3 -->
        <test-method is-config="true" signature="close()[pri:0, instance:testng_hackathon.SmokeTest@327b636c]" started-at="2024-03-05T09:38:19 IST" name="close" finished-at="2024-03-05T09:38:20 IST" duration-ms="1353" status="PASS">
          <reporter-output>
          </reporter-output>
        </test-method> <!-- close -->
      </class> <!-- testng_hackathon.SmokeTest -->
      <class name="testng_hackathon.LoanCalculator">
        <test-method is-config="true" signature="setup()[pri:0, instance:testng_hackathon.LoanCalculator@13acb0d1]" started-at="2024-03-05T09:35:59 IST" name="setup" finished-at="2024-03-05T09:36:11 IST" duration-ms="12148" status="PASS">
          <reporter-output>
          </reporter-output>
        </test-method> <!-- setup -->
        <test-method signature="testLogo()[pri:1, instance:testng_hackathon.LoanCalculator@13acb0d1]" started-at="2024-03-05T09:36:11 IST" name="testLogo" finished-at="2024-03-05T09:36:12 IST" duration-ms="178" status="PASS">
          <reporter-output>
          </reporter-output>
        </test-method> <!-- testLogo -->
        <test-method signature="Car_Loan()[pri:2, instance:testng_hackathon.LoanCalculator@13acb0d1]" started-at="2024-03-05T09:36:12 IST" name="Car_Loan" finished-at="2024-03-05T09:36:20 IST" duration-ms="8394" status="PASS">
          <reporter-output>
          </reporter-output>
        </test-method> <!-- Car_Loan -->
        <test-method signature="EMI_Calculation()[pri:3, instance:testng_hackathon.LoanCalculator@13acb0d1]" started-at="2024-03-05T09:36:21 IST" name="EMI_Calculation" finished-at="2024-03-05T09:36:21 IST" duration-ms="51" status="PASS">
          <reporter-output>
          </reporter-output>
        </test-method> <!-- EMI_Calculation -->
        <test-method signature="Home_Loan()[pri:4, instance:testng_hackathon.LoanCalculator@13acb0d1]" started-at="2024-03-05T09:36:21 IST" name="Home_Loan" finished-at="2024-03-05T09:36:23 IST" duration-ms="1464" status="PASS">
          <reporter-output>
          </reporter-output>
        </test-method> <!-- Home_Loan -->
        <test-method signature="HomeLoan_Data()[pri:5, instance:testng_hackathon.LoanCalculator@13acb0d1]" started-at="2024-03-05T09:36:23 IST" name="HomeLoan_Data" finished-at="2024-03-05T09:36:29 IST" duration-ms="6002" status="PASS">
          <reporter-output>
          </reporter-output>
        </test-method> <!-- HomeLoan_Data -->
        <test-method signature="HomeLoan_Write()[pri:6, instance:testng_hackathon.LoanCalculator@13acb0d1]" started-at="2024-03-05T09:36:29 IST" name="HomeLoan_Write" finished-at="2024-03-05T09:36:46 IST" duration-ms="16452" status="PASS">
          <reporter-output>
          </reporter-output>
        </test-method> <!-- HomeLoan_Write -->
        <test-method signature="Test1()[pri:7, instance:testng_hackathon.LoanCalculator@13acb0d1]" started-at="2024-03-05T09:36:46 IST" name="Test1" finished-at="2024-03-05T09:37:07 IST" duration-ms="21409" status="PASS">
          <reporter-output>
          </reporter-output>
        </test-method> <!-- Test1 -->
        <test-method signature="Test12()[pri:8, instance:testng_hackathon.LoanCalculator@13acb0d1]" started-at="2024-03-05T09:37:08 IST" name="Test12" finished-at="2024-03-05T09:37:13 IST" duration-ms="4908" status="PASS">
          <reporter-output>
          </reporter-output>
        </test-method> <!-- Test12 -->
        <test-method signature="Test2()[pri:8, instance:testng_hackathon.LoanCalculator@13acb0d1]" started-at="2024-03-05T09:37:13 IST" name="Test2" finished-at="2024-03-05T09:37:35 IST" duration-ms="21935" status="PASS">
          <reporter-output>
          </reporter-output>
        </test-method> <!-- Test2 -->
        <test-method signature="Test3()[pri:9, instance:testng_hackathon.LoanCalculator@13acb0d1]" started-at="2024-03-05T09:37:35 IST" name="Test3" finished-at="2024-03-05T09:38:00 IST" duration-ms="24961" status="PASS">
          <reporter-output>
          </reporter-output>
        </test-method> <!-- Test3 -->
        <test-method is-config="true" signature="close()[pri:0, instance:testng_hackathon.LoanCalculator@13acb0d1]" started-at="2024-03-05T09:38:00 IST" name="close" finished-at="2024-03-05T09:38:01 IST" duration-ms="1236" status="PASS">
          <reporter-output>
          </reporter-output>
        </test-method> <!-- close -->
      </class> <!-- testng_hackathon.LoanCalculator -->
    </test> <!-- Test -->
  </suite> <!-- Suite -->
</testng-results>
