<?xml version="1.0" encoding="UTF-8"?>
<testng-results ignored="0" total="20" passed="20" failed="0" skipped="0">
  <reporter-output>
  </reporter-output>
  <suite started-at="2024-03-06T10:38:25 IST" name="Suite" finished-at="2024-03-06T10:43:14 IST" duration-ms="288184">
    <groups>
    </groups>
    <test started-at="2024-03-06T10:38:25 IST" name="chromeTest" finished-at="2024-03-06T10:40:52 IST" duration-ms="146188">
      <class name="testng_hackathon.LoanCalculator">
        <test-method is-config="true" signature="setup(java.lang.String)[pri:0, instance:testng_hackathon.LoanCalculator@441772e]" started-at="2024-03-06T10:38:26 IST" name="setup" finished-at="2024-03-06T10:38:39 IST" duration-ms="12694" status="PASS">
          <params>
            <param index="0">
              <value>
                <![CDATA[chrome]]>
              </value>
            </param>
          </params>
          <reporter-output>
          </reporter-output>
        </test-method> <!-- setup -->
        <test-method signature="testLogo()[pri:1, instance:testng_hackathon.LoanCalculator@441772e]" started-at="2024-03-06T10:38:39 IST" name="testLogo" finished-at="2024-03-06T10:38:55 IST" duration-ms="16011" status="PASS">
          <reporter-output>
          </reporter-output>
        </test-method> <!-- testLogo -->
        <test-method signature="Car_Loan()[pri:2, instance:testng_hackathon.LoanCalculator@441772e]" started-at="2024-03-06T10:38:55 IST" name="Car_Loan" finished-at="2024-03-06T10:39:05 IST" duration-ms="9411" status="PASS">
          <reporter-output>
          </reporter-output>
        </test-method> <!-- Car_Loan -->
        <test-method signature="EMI_Calculation()[pri:3, instance:testng_hackathon.LoanCalculator@441772e]" started-at="2024-03-06T10:39:05 IST" name="EMI_Calculation" finished-at="2024-03-06T10:39:05 IST" duration-ms="82" status="PASS">
          <reporter-output>
          </reporter-output>
        </test-method> <!-- EMI_Calculation -->
        <test-method signature="Home_Loan()[pri:4, instance:testng_hackathon.LoanCalculator@441772e]" started-at="2024-03-06T10:39:06 IST" name="Home_Loan" finished-at="2024-03-06T10:39:08 IST" duration-ms="2508" status="PASS">
          <reporter-output>
          </reporter-output>
        </test-method> <!-- Home_Loan -->
        <test-method signature="HomeLoan_Data()[pri:5, instance:testng_hackathon.LoanCalculator@441772e]" started-at="2024-03-06T10:39:09 IST" name="HomeLoan_Data" finished-at="2024-03-06T10:39:15 IST" duration-ms="6071" status="PASS">
          <reporter-output>
          </reporter-output>
        </test-method> <!-- HomeLoan_Data -->
        <test-method signature="HomeLoan_Write()[pri:6, instance:testng_hackathon.LoanCalculator@441772e]" started-at="2024-03-06T10:39:15 IST" name="HomeLoan_Write" finished-at="2024-03-06T10:39:32 IST" duration-ms="16955" status="PASS">
          <reporter-output>
          </reporter-output>
        </test-method> <!-- HomeLoan_Write -->
        <test-method signature="Test1()[pri:7, instance:testng_hackathon.LoanCalculator@441772e]" started-at="2024-03-06T10:39:32 IST" name="Test1" finished-at="2024-03-06T10:39:54 IST" duration-ms="21622" status="PASS">
          <reporter-output>
          </reporter-output>
        </test-method> <!-- Test1 -->
        <test-method signature="Test12()[pri:8, instance:testng_hackathon.LoanCalculator@441772e]" started-at="2024-03-06T10:39:54 IST" name="Test12" finished-at="2024-03-06T10:40:00 IST" duration-ms="5623" status="PASS">
          <reporter-output>
          </reporter-output>
        </test-method> <!-- Test12 -->
        <test-method signature="Test2()[pri:8, instance:testng_hackathon.LoanCalculator@441772e]" started-at="2024-03-06T10:40:00 IST" name="Test2" finished-at="2024-03-06T10:40:24 IST" duration-ms="23384" status="PASS">
          <reporter-output>
          </reporter-output>
        </test-method> <!-- Test2 -->
        <test-method signature="Test3()[pri:9, instance:testng_hackathon.LoanCalculator@441772e]" started-at="2024-03-06T10:40:24 IST" name="Test3" finished-at="2024-03-06T10:40:50 IST" duration-ms="26057" status="PASS">
          <reporter-output>
          </reporter-output>
        </test-method> <!-- Test3 -->
        <test-method is-config="true" signature="close()[pri:0, instance:testng_hackathon.LoanCalculator@441772e]" started-at="2024-03-06T10:40:50 IST" name="close" finished-at="2024-03-06T10:40:52 IST" duration-ms="1202" status="PASS">
          <reporter-output>
          </reporter-output>
        </test-method> <!-- close -->
      </class> <!-- testng_hackathon.LoanCalculator -->
    </test> <!-- chromeTest -->
    <test started-at="2024-03-06T10:40:57 IST" name="edgeTest" finished-at="2024-03-06T10:43:14 IST" duration-ms="136086">
      <class name="testng_hackathon.LoanCalculator">
        <test-method is-config="true" signature="setup(java.lang.String)[pri:0, instance:testng_hackathon.LoanCalculator@36bc55de]" started-at="2024-03-06T10:40:57 IST" name="setup" finished-at="2024-03-06T10:41:14 IST" duration-ms="16589" status="PASS">
          <params>
            <param index="0">
              <value>
                <![CDATA[edge]]>
              </value>
            </param>
          </params>
          <reporter-output>
          </reporter-output>
        </test-method> <!-- setup -->
        <test-method signature="testLogo()[pri:1, instance:testng_hackathon.LoanCalculator@36bc55de]" started-at="2024-03-06T10:41:14 IST" name="testLogo" finished-at="2024-03-06T10:41:14 IST" duration-ms="135" status="PASS">
          <reporter-output>
          </reporter-output>
        </test-method> <!-- testLogo -->
        <test-method signature="Car_Loan()[pri:2, instance:testng_hackathon.LoanCalculator@36bc55de]" started-at="2024-03-06T10:41:15 IST" name="Car_Loan" finished-at="2024-03-06T10:41:24 IST" duration-ms="9070" status="PASS">
          <reporter-output>
          </reporter-output>
        </test-method> <!-- Car_Loan -->
        <test-method signature="EMI_Calculation()[pri:3, instance:testng_hackathon.LoanCalculator@36bc55de]" started-at="2024-03-06T10:41:24 IST" name="EMI_Calculation" finished-at="2024-03-06T10:41:24 IST" duration-ms="84" status="PASS">
          <reporter-output>
          </reporter-output>
        </test-method> <!-- EMI_Calculation -->
        <test-method signature="Home_Loan()[pri:4, instance:testng_hackathon.LoanCalculator@36bc55de]" started-at="2024-03-06T10:41:25 IST" name="Home_Loan" finished-at="2024-03-06T10:41:27 IST" duration-ms="1615" status="PASS">
          <reporter-output>
          </reporter-output>
        </test-method> <!-- Home_Loan -->
        <test-method signature="HomeLoan_Data()[pri:5, instance:testng_hackathon.LoanCalculator@36bc55de]" started-at="2024-03-06T10:41:27 IST" name="HomeLoan_Data" finished-at="2024-03-06T10:41:33 IST" duration-ms="6113" status="PASS">
          <reporter-output>
          </reporter-output>
        </test-method> <!-- HomeLoan_Data -->
        <test-method signature="HomeLoan_Write()[pri:6, instance:testng_hackathon.LoanCalculator@36bc55de]" started-at="2024-03-06T10:41:33 IST" name="HomeLoan_Write" finished-at="2024-03-06T10:41:50 IST" duration-ms="16820" status="PASS">
          <reporter-output>
          </reporter-output>
        </test-method> <!-- HomeLoan_Write -->
        <test-method signature="Test1()[pri:7, instance:testng_hackathon.LoanCalculator@36bc55de]" started-at="2024-03-06T10:41:51 IST" name="Test1" finished-at="2024-03-06T10:42:14 IST" duration-ms="23124" status="PASS">
          <reporter-output>
          </reporter-output>
        </test-method> <!-- Test1 -->
        <test-method signature="Test12()[pri:8, instance:testng_hackathon.LoanCalculator@36bc55de]" started-at="2024-03-06T10:42:14 IST" name="Test12" finished-at="2024-03-06T10:42:19 IST" duration-ms="5335" status="PASS">
          <reporter-output>
          </reporter-output>
        </test-method> <!-- Test12 -->
        <test-method signature="Test2()[pri:8, instance:testng_hackathon.LoanCalculator@36bc55de]" started-at="2024-03-06T10:42:20 IST" name="Test2" finished-at="2024-03-06T10:42:44 IST" duration-ms="24600" status="PASS">
          <reporter-output>
          </reporter-output>
        </test-method> <!-- Test2 -->
        <test-method signature="Test3()[pri:9, instance:testng_hackathon.LoanCalculator@36bc55de]" started-at="2024-03-06T10:42:45 IST" name="Test3" finished-at="2024-03-06T10:43:12 IST" duration-ms="27000" status="PASS">
          <reporter-output>
          </reporter-output>
        </test-method> <!-- Test3 -->
        <test-method is-config="true" signature="close()[pri:0, instance:testng_hackathon.LoanCalculator@36bc55de]" started-at="2024-03-06T10:43:12 IST" name="close" finished-at="2024-03-06T10:43:14 IST" duration-ms="1655" status="PASS">
          <reporter-output>
          </reporter-output>
        </test-method> <!-- close -->
      </class> <!-- testng_hackathon.LoanCalculator -->
    </test> <!-- edgeTest -->
  </suite> <!-- Suite -->
</testng-results>
